<?xml version="1.0" encoding="UTF-8"?>
<testng-results skipped="0" failed="1" total="2" passed="1">
  <reporter-output>
    <line>
      <![CDATA[测试通过]]>
    </line>
    <line>
      <![CDATA[ Failure]]>
    </line>
  </reporter-output>
  <suite name="Default suite" duration-ms="5396" started-at="2016-09-06T13:56:36Z" finished-at="2016-09-06T13:56:41Z">
    <groups>
    </groups>
    <test name="Default test" duration-ms="5396" started-at="2016-09-06T13:56:36Z" finished-at="2016-09-06T13:56:41Z">
      <class name="project.Login">
        <test-method status="PASS" signature="init(driver.Browser)[pri:0, instance:project.Login@35d176f7]" test-instance-name="" name="init" is-config="true" duration-ms="1769" started-at="2016-09-06T21:56:36Z" finished-at="2016-09-06T21:56:38Z">
          <params>
            <param index="0">
              <value>
                <![CDATA[CHROME_BROWER]]>
              </value>
            </param>
          </params>
          <reporter-output>
          </reporter-output>
        </test-method> <!-- init -->
        <test-method status="PASS" signature="Handles()[pri:0, instance:project.Login@35d176f7]" test-instance-name="" name="Handles" duration-ms="231" started-at="2016-09-06T21:56:38Z" finished-at="2016-09-06T21:56:38Z">
          <reporter-output>
          </reporter-output>
        </test-method> <!-- Handles -->
        <test-method status="FAIL" signature="ALoginYule()[pri:0, instance:project.Login@35d176f7]" test-instance-name="" name="ALoginYule" duration-ms="2866" started-at="2016-09-06T21:56:38Z" finished-at="2016-09-06T21:56:41Z">
          <exception class="java.lang.ArithmeticException">
            <message>
              <![CDATA[/ by zero]]>
            </message>
            <full-stacktrace>
              <![CDATA[java.lang.ArithmeticException: / by zero
	at project.Login.ALoginYule(Login.java:57)
	at sun.reflect.NativeMethodAccessorImpl.invoke0(Native Method)
	at sun.reflect.NativeMethodAccessorImpl.invoke(NativeMethodAccessorImpl.java:62)
	at sun.reflect.DelegatingMethodAccessorImpl.invoke(DelegatingMethodAccessorImpl.java:43)
	at java.lang.reflect.Method.invoke(Method.java:498)
	at org.testng.internal.MethodInvocationHelper.invokeMethod(MethodInvocationHelper.java:86)
	at org.testng.internal.Invoker.invokeMethod(Invoker.java:643)
	at org.testng.internal.Invoker.invokeTestMethod(Invoker.java:820)
	at org.testng.internal.Invoker.invokeTestMethods(Invoker.java:1128)
	at org.testng.internal.TestMethodWorker.invokeTestMethods(TestMethodWorker.java:129)
	at org.testng.internal.TestMethodWorker.run(TestMethodWorker.java:112)
	at org.testng.TestRunner.privateRun(TestRunner.java:782)
	at org.testng.TestRunner.run(TestRunner.java:632)
	at org.testng.SuiteRunner.runTest(SuiteRunner.java:366)
	at org.testng.SuiteRunner.runSequentially(SuiteRunner.java:361)
	at org.testng.SuiteRunner.privateRun(SuiteRunner.java:319)
	at org.testng.SuiteRunner.run(SuiteRunner.java:268)
	at org.testng.SuiteRunnerWorker.runSuite(SuiteRunnerWorker.java:52)
	at org.testng.SuiteRunnerWorker.run(SuiteRunnerWorker.java:86)
	at org.testng.TestNG.runSuitesSequentially(TestNG.java:1244)
	at org.testng.TestNG.runSuitesLocally(TestNG.java:1169)
	at org.testng.TestNG.run(TestNG.java:1064)
	at org.testng.remote.AbstractRemoteTestNG.run(AbstractRemoteTestNG.java:126)
	at org.testng.remote.RemoteTestNG.initAndRun(RemoteTestNG.java:152)
	at org.testng.remote.RemoteTestNG.main(RemoteTestNG.java:57)
]]>
            </full-stacktrace>
          </exception> <!-- java.lang.ArithmeticException -->
          <reporter-output>
            <line>
              <![CDATA[测试通过]]>
            </line>
            <line>
              <![CDATA[ Failure]]>
            </line>
          </reporter-output>
        </test-method> <!-- ALoginYule -->
        <test-method status="PASS" signature="kill()[pri:0, instance:project.Login@35d176f7]" test-instance-name="" name="kill" is-config="true" duration-ms="0" started-at="2016-09-06T21:56:41Z" finished-at="2016-09-06T21:56:41Z">
          <reporter-output>
          </reporter-output>
        </test-method> <!-- kill -->
      </class> <!-- project.Login -->
    </test> <!-- Default test -->
  </suite> <!-- Default suite -->
</testng-results>
